<?xml version="1.0" encoding="UTF-8"?>
<testsuite xmlns:xsi="http://www.w3.org/2001/XMLSchema-instance" xsi:noNamespaceSchemaLocation="https://maven.apache.org/surefire/maven-surefire-plugin/xsd/surefire-test-report.xsd" name="com.miamioh.RideSharingClient.RideSharingClientApplicationTests" time="0.266" tests="1" errors="1" skipped="0" failures="0">
  <properties>
    <property name="sun.desktop" value="gnome"/>
    <property name="awt.toolkit" value="sun.awt.X11.XToolkit"/>
    <property name="file.encoding.pkg" value="sun.io"/>
    <property name="java.specification.version" value="1.8"/>
    <property name="sun.cpu.isalist" value=""/>
    <property name="sun.jnu.encoding" value="UTF-8"/>
    <property name="java.class.path" value="/home/silwals/Documents/code/RideSharingClient/target/test-classes:/home/silwals/Documents/code/RideSharingClient/target/classes:/home/silwals/.m2/repository/org/springframework/boot/spring-boot-starter-web/2.1.1.RELEASE/spring-boot-starter-web-2.1.1.RELEASE.jar:/home/silwals/.m2/repository/org/springframework/boot/spring-boot-starter/2.1.1.RELEASE/spring-boot-starter-2.1.1.RELEASE.jar:/home/silwals/.m2/repository/org/springframework/boot/spring-boot/2.1.1.RELEASE/spring-boot-2.1.1.RELEASE.jar:/home/silwals/.m2/repository/org/springframework/boot/spring-boot-autoconfigure/2.1.1.RELEASE/spring-boot-autoconfigure-2.1.1.RELEASE.jar:/home/silwals/.m2/repository/org/springframework/boot/spring-boot-starter-logging/2.1.1.RELEASE/spring-boot-starter-logging-2.1.1.RELEASE.jar:/home/silwals/.m2/repository/ch/qos/logback/logback-classic/1.2.3/logback-classic-1.2.3.jar:/home/silwals/.m2/repository/ch/qos/logback/logback-core/1.2.3/logback-core-1.2.3.jar:/home/silwals/.m2/repository/org/apache/logging/log4j/log4j-to-slf4j/2.11.1/log4j-to-slf4j-2.11.1.jar:/home/silwals/.m2/repository/org/apache/logging/log4j/log4j-api/2.11.1/log4j-api-2.11.1.jar:/home/silwals/.m2/repository/org/slf4j/jul-to-slf4j/1.7.25/jul-to-slf4j-1.7.25.jar:/home/silwals/.m2/repository/javax/annotation/javax.annotation-api/1.3.2/javax.annotation-api-1.3.2.jar:/home/silwals/.m2/repository/org/yaml/snakeyaml/1.23/snakeyaml-1.23.jar:/home/silwals/.m2/repository/org/springframework/boot/spring-boot-starter-json/2.1.1.RELEASE/spring-boot-starter-json-2.1.1.RELEASE.jar:/home/silwals/.m2/repository/com/fasterxml/jackson/core/jackson-databind/2.9.7/jackson-databind-2.9.7.jar:/home/silwals/.m2/repository/com/fasterxml/jackson/core/jackson-annotations/2.9.0/jackson-annotations-2.9.0.jar:/home/silwals/.m2/repository/com/fasterxml/jackson/core/jackson-core/2.9.7/jackson-core-2.9.7.jar:/home/silwals/.m2/repository/com/fasterxml/jackson/datatype/jackson-datatype-jdk8/2.9.7/jackson-datatype-jdk8-2.9.7.jar:/home/silwals/.m2/repository/com/fasterxml/jackson/datatype/jackson-datatype-jsr310/2.9.7/jackson-datatype-jsr310-2.9.7.jar:/home/silwals/.m2/repository/com/fasterxml/jackson/module/jackson-module-parameter-names/2.9.7/jackson-module-parameter-names-2.9.7.jar:/home/silwals/.m2/repository/org/springframework/boot/spring-boot-starter-tomcat/2.1.1.RELEASE/spring-boot-starter-tomcat-2.1.1.RELEASE.jar:/home/silwals/.m2/repository/org/apache/tomcat/embed/tomcat-embed-core/9.0.13/tomcat-embed-core-9.0.13.jar:/home/silwals/.m2/repository/org/apache/tomcat/embed/tomcat-embed-el/9.0.13/tomcat-embed-el-9.0.13.jar:/home/silwals/.m2/repository/org/apache/tomcat/embed/tomcat-embed-websocket/9.0.13/tomcat-embed-websocket-9.0.13.jar:/home/silwals/.m2/repository/org/hibernate/validator/hibernate-validator/6.0.13.Final/hibernate-validator-6.0.13.Final.jar:/home/silwals/.m2/repository/javax/validation/validation-api/2.0.1.Final/validation-api-2.0.1.Final.jar:/home/silwals/.m2/repository/org/jboss/logging/jboss-logging/3.3.2.Final/jboss-logging-3.3.2.Final.jar:/home/silwals/.m2/repository/com/fasterxml/classmate/1.4.0/classmate-1.4.0.jar:/home/silwals/.m2/repository/org/springframework/spring-web/5.1.3.RELEASE/spring-web-5.1.3.RELEASE.jar:/home/silwals/.m2/repository/org/springframework/spring-beans/5.1.3.RELEASE/spring-beans-5.1.3.RELEASE.jar:/home/silwals/.m2/repository/org/springframework/spring-webmvc/5.1.3.RELEASE/spring-webmvc-5.1.3.RELEASE.jar:/home/silwals/.m2/repository/org/springframework/spring-aop/5.1.3.RELEASE/spring-aop-5.1.3.RELEASE.jar:/home/silwals/.m2/repository/org/springframework/spring-expression/5.1.3.RELEASE/spring-expression-5.1.3.RELEASE.jar:/home/silwals/.m2/repository/org/springframework/kafka/spring-kafka/2.2.2.RELEASE/spring-kafka-2.2.2.RELEASE.jar:/home/silwals/.m2/repository/org/springframework/spring-context/5.1.3.RELEASE/spring-context-5.1.3.RELEASE.jar:/home/silwals/.m2/repository/org/springframework/spring-messaging/5.1.3.RELEASE/spring-messaging-5.1.3.RELEASE.jar:/home/silwals/.m2/repository/org/springframework/spring-tx/5.1.3.RELEASE/spring-tx-5.1.3.RELEASE.jar:/home/silwals/.m2/repository/org/springframework/retry/spring-retry/1.2.2.RELEASE/spring-retry-1.2.2.RELEASE.jar:/home/silwals/.m2/repository/org/apache/kafka/kafka-clients/2.0.1/kafka-clients-2.0.1.jar:/home/silwals/.m2/repository/org/lz4/lz4-java/1.4.1/lz4-java-1.4.1.jar:/home/silwals/.m2/repository/org/xerial/snappy/snappy-java/1.1.7.1/snappy-java-1.1.7.1.jar:/home/silwals/.m2/repository/org/slf4j/slf4j-api/1.7.25/slf4j-api-1.7.25.jar:/home/silwals/.m2/repository/org/projectlombok/lombok/1.18.4/lombok-1.18.4.jar:/home/silwals/.m2/repository/org/springframework/cloud/spring-cloud-starter-openfeign/2.0.2.RELEASE/spring-cloud-starter-openfeign-2.0.2.RELEASE.jar:/home/silwals/.m2/repository/org/springframework/cloud/spring-cloud-starter/2.0.2.RELEASE/spring-cloud-starter-2.0.2.RELEASE.jar:/home/silwals/.m2/repository/org/springframework/cloud/spring-cloud-context/2.0.2.RELEASE/spring-cloud-context-2.0.2.RELEASE.jar:/home/silwals/.m2/repository/org/springframework/security/spring-security-rsa/1.0.7.RELEASE/spring-security-rsa-1.0.7.RELEASE.jar:/home/silwals/.m2/repository/org/bouncycastle/bcpkix-jdk15on/1.60/bcpkix-jdk15on-1.60.jar:/home/silwals/.m2/repository/org/bouncycastle/bcprov-jdk15on/1.60/bcprov-jdk15on-1.60.jar:/home/silwals/.m2/repository/org/springframework/cloud/spring-cloud-openfeign-core/2.0.2.RELEASE/spring-cloud-openfeign-core-2.0.2.RELEASE.jar:/home/silwals/.m2/repository/org/springframework/cloud/spring-cloud-netflix-ribbon/2.0.2.RELEASE/spring-cloud-netflix-ribbon-2.0.2.RELEASE.jar:/home/silwals/.m2/repository/org/springframework/cloud/spring-cloud-netflix-archaius/2.0.2.RELEASE/spring-cloud-netflix-archaius-2.0.2.RELEASE.jar:/home/silwals/.m2/repository/org/springframework/boot/spring-boot-starter-aop/2.1.1.RELEASE/spring-boot-starter-aop-2.1.1.RELEASE.jar:/home/silwals/.m2/repository/org/aspectj/aspectjweaver/1.9.2/aspectjweaver-1.9.2.jar:/home/silwals/.m2/repository/io/github/openfeign/form/feign-form-spring/3.3.0/feign-form-spring-3.3.0.jar:/home/silwals/.m2/repository/io/github/openfeign/form/feign-form/3.3.0/feign-form-3.3.0.jar:/home/silwals/.m2/repository/commons-fileupload/commons-fileupload/1.3.3/commons-fileupload-1.3.3.jar:/home/silwals/.m2/repository/commons-io/commons-io/2.2/commons-io-2.2.jar:/home/silwals/.m2/repository/org/springframework/cloud/spring-cloud-commons/2.0.2.RELEASE/spring-cloud-commons-2.0.2.RELEASE.jar:/home/silwals/.m2/repository/org/springframework/security/spring-security-crypto/5.1.2.RELEASE/spring-security-crypto-5.1.2.RELEASE.jar:/home/silwals/.m2/repository/io/github/openfeign/feign-core/9.7.0/feign-core-9.7.0.jar:/home/silwals/.m2/repository/io/github/openfeign/feign-slf4j/9.7.0/feign-slf4j-9.7.0.jar:/home/silwals/.m2/repository/io/github/openfeign/feign-hystrix/9.7.0/feign-hystrix-9.7.0.jar:/home/silwals/.m2/repository/com/netflix/archaius/archaius-core/0.6.6/archaius-core-0.6.6.jar:/home/silwals/.m2/repository/com/google/code/findbugs/annotations/2.0.0/annotations-2.0.0.jar:/home/silwals/.m2/repository/commons-configuration/commons-configuration/1.8/commons-configuration-1.8.jar:/home/silwals/.m2/repository/commons-lang/commons-lang/2.6/commons-lang-2.6.jar:/home/silwals/.m2/repository/commons-logging/commons-logging/1.1.1/commons-logging-1.1.1.jar:/home/silwals/.m2/repository/com/google/guava/guava/11.0.2/guava-11.0.2.jar:/home/silwals/.m2/repository/com/google/code/findbugs/jsr305/1.3.9/jsr305-1.3.9.jar:/home/silwals/.m2/repository/com/netflix/hystrix/hystrix-core/1.4.26/hystrix-core-1.4.26.jar:/home/silwals/.m2/repository/io/reactivex/rxjava/1.3.8/rxjava-1.3.8.jar:/home/silwals/.m2/repository/io/github/openfeign/feign-java8/9.7.0/feign-java8-9.7.0.jar:/home/silwals/.m2/repository/com/google/code/gson/gson/2.8.5/gson-2.8.5.jar:/home/silwals/.m2/repository/org/springframework/boot/spring-boot-starter-test/2.1.1.RELEASE/spring-boot-starter-test-2.1.1.RELEASE.jar:/home/silwals/.m2/repository/org/springframework/boot/spring-boot-test/2.1.1.RELEASE/spring-boot-test-2.1.1.RELEASE.jar:/home/silwals/.m2/repository/org/springframework/boot/spring-boot-test-autoconfigure/2.1.1.RELEASE/spring-boot-test-autoconfigure-2.1.1.RELEASE.jar:/home/silwals/.m2/repository/com/jayway/jsonpath/json-path/2.4.0/json-path-2.4.0.jar:/home/silwals/.m2/repository/net/minidev/json-smart/2.3/json-smart-2.3.jar:/home/silwals/.m2/repository/net/minidev/accessors-smart/1.2/accessors-smart-1.2.jar:/home/silwals/.m2/repository/org/ow2/asm/asm/5.0.4/asm-5.0.4.jar:/home/silwals/.m2/repository/junit/junit/4.12/junit-4.12.jar:/home/silwals/.m2/repository/org/assertj/assertj-core/3.11.1/assertj-core-3.11.1.jar:/home/silwals/.m2/repository/org/mockito/mockito-core/2.23.4/mockito-core-2.23.4.jar:/home/silwals/.m2/repository/net/bytebuddy/byte-buddy/1.9.5/byte-buddy-1.9.5.jar:/home/silwals/.m2/repository/net/bytebuddy/byte-buddy-agent/1.9.5/byte-buddy-agent-1.9.5.jar:/home/silwals/.m2/repository/org/objenesis/objenesis/2.6/objenesis-2.6.jar:/home/silwals/.m2/repository/org/hamcrest/hamcrest-core/1.3/hamcrest-core-1.3.jar:/home/silwals/.m2/repository/org/hamcrest/hamcrest-library/1.3/hamcrest-library-1.3.jar:/home/silwals/.m2/repository/org/skyscreamer/jsonassert/1.5.0/jsonassert-1.5.0.jar:/home/silwals/.m2/repository/com/vaadin/external/google/android-json/0.0.20131108.vaadin1/android-json-0.0.20131108.vaadin1.jar:/home/silwals/.m2/repository/org/springframework/spring-core/5.1.3.RELEASE/spring-core-5.1.3.RELEASE.jar:/home/silwals/.m2/repository/org/springframework/spring-jcl/5.1.3.RELEASE/spring-jcl-5.1.3.RELEASE.jar:/home/silwals/.m2/repository/org/springframework/spring-test/5.1.3.RELEASE/spring-test-5.1.3.RELEASE.jar:/home/silwals/.m2/repository/org/xmlunit/xmlunit-core/2.6.2/xmlunit-core-2.6.2.jar:/home/silwals/.m2/repository/org/springframework/kafka/spring-kafka-test/2.2.2.RELEASE/spring-kafka-test-2.2.2.RELEASE.jar:/home/silwals/.m2/repository/org/apache/kafka/kafka-clients/2.0.0/kafka-clients-2.0.0-test.jar:/home/silwals/.m2/repository/org/apache/kafka/kafka_2.11/2.0.1/kafka_2.11-2.0.1.jar:/home/silwals/.m2/repository/net/sf/jopt-simple/jopt-simple/5.0.4/jopt-simple-5.0.4.jar:/home/silwals/.m2/repository/com/yammer/metrics/metrics-core/2.2.0/metrics-core-2.2.0.jar:/home/silwals/.m2/repository/org/scala-lang/scala-library/2.11.12/scala-library-2.11.12.jar:/home/silwals/.m2/repository/org/scala-lang/scala-reflect/2.11.12/scala-reflect-2.11.12.jar:/home/silwals/.m2/repository/com/typesafe/scala-logging/scala-logging_2.11/3.9.0/scala-logging_2.11-3.9.0.jar:/home/silwals/.m2/repository/com/101tec/zkclient/0.10/zkclient-0.10.jar:/home/silwals/.m2/repository/org/apache/zookeeper/zookeeper/3.4.13/zookeeper-3.4.13.jar:/home/silwals/.m2/repository/org/apache/yetus/audience-annotations/0.5.0/audience-annotations-0.5.0.jar:/home/silwals/.m2/repository/org/apache/kafka/kafka_2.11/2.0.0/kafka_2.11-2.0.0-test.jar:"/>
    <property name="java.vm.vendor" value="Oracle Corporation"/>
    <property name="sun.arch.data.model" value="64"/>
    <property name="java.vendor.url" value="http://java.oracle.com/"/>
    <property name="user.timezone" value=""/>
    <property name="java.vm.specification.version" value="1.8"/>
    <property name="os.name" value="Linux"/>
    <property name="user.country" value="US"/>
    <property name="sun.java.launcher" value="SUN_STANDARD"/>
    <property name="sun.boot.library.path" value="/usr/lib/jvm/java-8-oracle/jre/lib/amd64"/>
    <property name="sun.java.command" value="/home/silwals/Documents/code/RideSharingClient/target/surefire/surefirebooter8376158074134156781.jar /home/silwals/Documents/code/RideSharingClient/target/surefire 2019-04-06T15-37-29_471-jvmRun1 surefire3092191797103662563tmp surefire_01003230919250477963tmp"/>
    <property name="surefire.test.class.path" value="/home/silwals/Documents/code/RideSharingClient/target/test-classes:/home/silwals/Documents/code/RideSharingClient/target/classes:/home/silwals/.m2/repository/org/springframework/boot/spring-boot-starter-web/2.1.1.RELEASE/spring-boot-starter-web-2.1.1.RELEASE.jar:/home/silwals/.m2/repository/org/springframework/boot/spring-boot-starter/2.1.1.RELEASE/spring-boot-starter-2.1.1.RELEASE.jar:/home/silwals/.m2/repository/org/springframework/boot/spring-boot/2.1.1.RELEASE/spring-boot-2.1.1.RELEASE.jar:/home/silwals/.m2/repository/org/springframework/boot/spring-boot-autoconfigure/2.1.1.RELEASE/spring-boot-autoconfigure-2.1.1.RELEASE.jar:/home/silwals/.m2/repository/org/springframework/boot/spring-boot-starter-logging/2.1.1.RELEASE/spring-boot-starter-logging-2.1.1.RELEASE.jar:/home/silwals/.m2/repository/ch/qos/logback/logback-classic/1.2.3/logback-classic-1.2.3.jar:/home/silwals/.m2/repository/ch/qos/logback/logback-core/1.2.3/logback-core-1.2.3.jar:/home/silwals/.m2/repository/org/apache/logging/log4j/log4j-to-slf4j/2.11.1/log4j-to-slf4j-2.11.1.jar:/home/silwals/.m2/repository/org/apache/logging/log4j/log4j-api/2.11.1/log4j-api-2.11.1.jar:/home/silwals/.m2/repository/org/slf4j/jul-to-slf4j/1.7.25/jul-to-slf4j-1.7.25.jar:/home/silwals/.m2/repository/javax/annotation/javax.annotation-api/1.3.2/javax.annotation-api-1.3.2.jar:/home/silwals/.m2/repository/org/yaml/snakeyaml/1.23/snakeyaml-1.23.jar:/home/silwals/.m2/repository/org/springframework/boot/spring-boot-starter-json/2.1.1.RELEASE/spring-boot-starter-json-2.1.1.RELEASE.jar:/home/silwals/.m2/repository/com/fasterxml/jackson/core/jackson-databind/2.9.7/jackson-databind-2.9.7.jar:/home/silwals/.m2/repository/com/fasterxml/jackson/core/jackson-annotations/2.9.0/jackson-annotations-2.9.0.jar:/home/silwals/.m2/repository/com/fasterxml/jackson/core/jackson-core/2.9.7/jackson-core-2.9.7.jar:/home/silwals/.m2/repository/com/fasterxml/jackson/datatype/jackson-datatype-jdk8/2.9.7/jackson-datatype-jdk8-2.9.7.jar:/home/silwals/.m2/repository/com/fasterxml/jackson/datatype/jackson-datatype-jsr310/2.9.7/jackson-datatype-jsr310-2.9.7.jar:/home/silwals/.m2/repository/com/fasterxml/jackson/module/jackson-module-parameter-names/2.9.7/jackson-module-parameter-names-2.9.7.jar:/home/silwals/.m2/repository/org/springframework/boot/spring-boot-starter-tomcat/2.1.1.RELEASE/spring-boot-starter-tomcat-2.1.1.RELEASE.jar:/home/silwals/.m2/repository/org/apache/tomcat/embed/tomcat-embed-core/9.0.13/tomcat-embed-core-9.0.13.jar:/home/silwals/.m2/repository/org/apache/tomcat/embed/tomcat-embed-el/9.0.13/tomcat-embed-el-9.0.13.jar:/home/silwals/.m2/repository/org/apache/tomcat/embed/tomcat-embed-websocket/9.0.13/tomcat-embed-websocket-9.0.13.jar:/home/silwals/.m2/repository/org/hibernate/validator/hibernate-validator/6.0.13.Final/hibernate-validator-6.0.13.Final.jar:/home/silwals/.m2/repository/javax/validation/validation-api/2.0.1.Final/validation-api-2.0.1.Final.jar:/home/silwals/.m2/repository/org/jboss/logging/jboss-logging/3.3.2.Final/jboss-logging-3.3.2.Final.jar:/home/silwals/.m2/repository/com/fasterxml/classmate/1.4.0/classmate-1.4.0.jar:/home/silwals/.m2/repository/org/springframework/spring-web/5.1.3.RELEASE/spring-web-5.1.3.RELEASE.jar:/home/silwals/.m2/repository/org/springframework/spring-beans/5.1.3.RELEASE/spring-beans-5.1.3.RELEASE.jar:/home/silwals/.m2/repository/org/springframework/spring-webmvc/5.1.3.RELEASE/spring-webmvc-5.1.3.RELEASE.jar:/home/silwals/.m2/repository/org/springframework/spring-aop/5.1.3.RELEASE/spring-aop-5.1.3.RELEASE.jar:/home/silwals/.m2/repository/org/springframework/spring-expression/5.1.3.RELEASE/spring-expression-5.1.3.RELEASE.jar:/home/silwals/.m2/repository/org/springframework/kafka/spring-kafka/2.2.2.RELEASE/spring-kafka-2.2.2.RELEASE.jar:/home/silwals/.m2/repository/org/springframework/spring-context/5.1.3.RELEASE/spring-context-5.1.3.RELEASE.jar:/home/silwals/.m2/repository/org/springframework/spring-messaging/5.1.3.RELEASE/spring-messaging-5.1.3.RELEASE.jar:/home/silwals/.m2/repository/org/springframework/spring-tx/5.1.3.RELEASE/spring-tx-5.1.3.RELEASE.jar:/home/silwals/.m2/repository/org/springframework/retry/spring-retry/1.2.2.RELEASE/spring-retry-1.2.2.RELEASE.jar:/home/silwals/.m2/repository/org/apache/kafka/kafka-clients/2.0.1/kafka-clients-2.0.1.jar:/home/silwals/.m2/repository/org/lz4/lz4-java/1.4.1/lz4-java-1.4.1.jar:/home/silwals/.m2/repository/org/xerial/snappy/snappy-java/1.1.7.1/snappy-java-1.1.7.1.jar:/home/silwals/.m2/repository/org/slf4j/slf4j-api/1.7.25/slf4j-api-1.7.25.jar:/home/silwals/.m2/repository/org/projectlombok/lombok/1.18.4/lombok-1.18.4.jar:/home/silwals/.m2/repository/org/springframework/cloud/spring-cloud-starter-openfeign/2.0.2.RELEASE/spring-cloud-starter-openfeign-2.0.2.RELEASE.jar:/home/silwals/.m2/repository/org/springframework/cloud/spring-cloud-starter/2.0.2.RELEASE/spring-cloud-starter-2.0.2.RELEASE.jar:/home/silwals/.m2/repository/org/springframework/cloud/spring-cloud-context/2.0.2.RELEASE/spring-cloud-context-2.0.2.RELEASE.jar:/home/silwals/.m2/repository/org/springframework/security/spring-security-rsa/1.0.7.RELEASE/spring-security-rsa-1.0.7.RELEASE.jar:/home/silwals/.m2/repository/org/bouncycastle/bcpkix-jdk15on/1.60/bcpkix-jdk15on-1.60.jar:/home/silwals/.m2/repository/org/bouncycastle/bcprov-jdk15on/1.60/bcprov-jdk15on-1.60.jar:/home/silwals/.m2/repository/org/springframework/cloud/spring-cloud-openfeign-core/2.0.2.RELEASE/spring-cloud-openfeign-core-2.0.2.RELEASE.jar:/home/silwals/.m2/repository/org/springframework/cloud/spring-cloud-netflix-ribbon/2.0.2.RELEASE/spring-cloud-netflix-ribbon-2.0.2.RELEASE.jar:/home/silwals/.m2/repository/org/springframework/cloud/spring-cloud-netflix-archaius/2.0.2.RELEASE/spring-cloud-netflix-archaius-2.0.2.RELEASE.jar:/home/silwals/.m2/repository/org/springframework/boot/spring-boot-starter-aop/2.1.1.RELEASE/spring-boot-starter-aop-2.1.1.RELEASE.jar:/home/silwals/.m2/repository/org/aspectj/aspectjweaver/1.9.2/aspectjweaver-1.9.2.jar:/home/silwals/.m2/repository/io/github/openfeign/form/feign-form-spring/3.3.0/feign-form-spring-3.3.0.jar:/home/silwals/.m2/repository/io/github/openfeign/form/feign-form/3.3.0/feign-form-3.3.0.jar:/home/silwals/.m2/repository/commons-fileupload/commons-fileupload/1.3.3/commons-fileupload-1.3.3.jar:/home/silwals/.m2/repository/commons-io/commons-io/2.2/commons-io-2.2.jar:/home/silwals/.m2/repository/org/springframework/cloud/spring-cloud-commons/2.0.2.RELEASE/spring-cloud-commons-2.0.2.RELEASE.jar:/home/silwals/.m2/repository/org/springframework/security/spring-security-crypto/5.1.2.RELEASE/spring-security-crypto-5.1.2.RELEASE.jar:/home/silwals/.m2/repository/io/github/openfeign/feign-core/9.7.0/feign-core-9.7.0.jar:/home/silwals/.m2/repository/io/github/openfeign/feign-slf4j/9.7.0/feign-slf4j-9.7.0.jar:/home/silwals/.m2/repository/io/github/openfeign/feign-hystrix/9.7.0/feign-hystrix-9.7.0.jar:/home/silwals/.m2/repository/com/netflix/archaius/archaius-core/0.6.6/archaius-core-0.6.6.jar:/home/silwals/.m2/repository/com/google/code/findbugs/annotations/2.0.0/annotations-2.0.0.jar:/home/silwals/.m2/repository/commons-configuration/commons-configuration/1.8/commons-configuration-1.8.jar:/home/silwals/.m2/repository/commons-lang/commons-lang/2.6/commons-lang-2.6.jar:/home/silwals/.m2/repository/commons-logging/commons-logging/1.1.1/commons-logging-1.1.1.jar:/home/silwals/.m2/repository/com/google/guava/guava/11.0.2/guava-11.0.2.jar:/home/silwals/.m2/repository/com/google/code/findbugs/jsr305/1.3.9/jsr305-1.3.9.jar:/home/silwals/.m2/repository/com/netflix/hystrix/hystrix-core/1.4.26/hystrix-core-1.4.26.jar:/home/silwals/.m2/repository/io/reactivex/rxjava/1.3.8/rxjava-1.3.8.jar:/home/silwals/.m2/repository/io/github/openfeign/feign-java8/9.7.0/feign-java8-9.7.0.jar:/home/silwals/.m2/repository/com/google/code/gson/gson/2.8.5/gson-2.8.5.jar:/home/silwals/.m2/repository/org/springframework/boot/spring-boot-starter-test/2.1.1.RELEASE/spring-boot-starter-test-2.1.1.RELEASE.jar:/home/silwals/.m2/repository/org/springframework/boot/spring-boot-test/2.1.1.RELEASE/spring-boot-test-2.1.1.RELEASE.jar:/home/silwals/.m2/repository/org/springframework/boot/spring-boot-test-autoconfigure/2.1.1.RELEASE/spring-boot-test-autoconfigure-2.1.1.RELEASE.jar:/home/silwals/.m2/repository/com/jayway/jsonpath/json-path/2.4.0/json-path-2.4.0.jar:/home/silwals/.m2/repository/net/minidev/json-smart/2.3/json-smart-2.3.jar:/home/silwals/.m2/repository/net/minidev/accessors-smart/1.2/accessors-smart-1.2.jar:/home/silwals/.m2/repository/org/ow2/asm/asm/5.0.4/asm-5.0.4.jar:/home/silwals/.m2/repository/junit/junit/4.12/junit-4.12.jar:/home/silwals/.m2/repository/org/assertj/assertj-core/3.11.1/assertj-core-3.11.1.jar:/home/silwals/.m2/repository/org/mockito/mockito-core/2.23.4/mockito-core-2.23.4.jar:/home/silwals/.m2/repository/net/bytebuddy/byte-buddy/1.9.5/byte-buddy-1.9.5.jar:/home/silwals/.m2/repository/net/bytebuddy/byte-buddy-agent/1.9.5/byte-buddy-agent-1.9.5.jar:/home/silwals/.m2/repository/org/objenesis/objenesis/2.6/objenesis-2.6.jar:/home/silwals/.m2/repository/org/hamcrest/hamcrest-core/1.3/hamcrest-core-1.3.jar:/home/silwals/.m2/repository/org/hamcrest/hamcrest-library/1.3/hamcrest-library-1.3.jar:/home/silwals/.m2/repository/org/skyscreamer/jsonassert/1.5.0/jsonassert-1.5.0.jar:/home/silwals/.m2/repository/com/vaadin/external/google/android-json/0.0.20131108.vaadin1/android-json-0.0.20131108.vaadin1.jar:/home/silwals/.m2/repository/org/springframework/spring-core/5.1.3.RELEASE/spring-core-5.1.3.RELEASE.jar:/home/silwals/.m2/repository/org/springframework/spring-jcl/5.1.3.RELEASE/spring-jcl-5.1.3.RELEASE.jar:/home/silwals/.m2/repository/org/springframework/spring-test/5.1.3.RELEASE/spring-test-5.1.3.RELEASE.jar:/home/silwals/.m2/repository/org/xmlunit/xmlunit-core/2.6.2/xmlunit-core-2.6.2.jar:/home/silwals/.m2/repository/org/springframework/kafka/spring-kafka-test/2.2.2.RELEASE/spring-kafka-test-2.2.2.RELEASE.jar:/home/silwals/.m2/repository/org/apache/kafka/kafka-clients/2.0.0/kafka-clients-2.0.0-test.jar:/home/silwals/.m2/repository/org/apache/kafka/kafka_2.11/2.0.1/kafka_2.11-2.0.1.jar:/home/silwals/.m2/repository/net/sf/jopt-simple/jopt-simple/5.0.4/jopt-simple-5.0.4.jar:/home/silwals/.m2/repository/com/yammer/metrics/metrics-core/2.2.0/metrics-core-2.2.0.jar:/home/silwals/.m2/repository/org/scala-lang/scala-library/2.11.12/scala-library-2.11.12.jar:/home/silwals/.m2/repository/org/scala-lang/scala-reflect/2.11.12/scala-reflect-2.11.12.jar:/home/silwals/.m2/repository/com/typesafe/scala-logging/scala-logging_2.11/3.9.0/scala-logging_2.11-3.9.0.jar:/home/silwals/.m2/repository/com/101tec/zkclient/0.10/zkclient-0.10.jar:/home/silwals/.m2/repository/org/apache/zookeeper/zookeeper/3.4.13/zookeeper-3.4.13.jar:/home/silwals/.m2/repository/org/apache/yetus/audience-annotations/0.5.0/audience-annotations-0.5.0.jar:/home/silwals/.m2/repository/org/apache/kafka/kafka_2.11/2.0.0/kafka_2.11-2.0.0-test.jar:"/>
    <property name="sun.cpu.endian" value="little"/>
    <property name="user.home" value="/home/silwals"/>
    <property name="user.language" value="en"/>
    <property name="java.specification.vendor" value="Oracle Corporation"/>
    <property name="java.home" value="/usr/lib/jvm/java-8-oracle/jre"/>
    <property name="basedir" value="/home/silwals/Documents/code/RideSharingClient"/>
    <property name="file.separator" value="/"/>
    <property name="line.separator" value="&#10;"/>
    <property name="java.vm.specification.vendor" value="Oracle Corporation"/>
    <property name="java.specification.name" value="Java Platform API Specification"/>
    <property name="java.awt.graphicsenv" value="sun.awt.X11GraphicsEnvironment"/>
    <property name="surefire.real.class.path" value="/home/silwals/Documents/code/RideSharingClient/target/surefire/surefirebooter8376158074134156781.jar"/>
    <property name="sun.boot.class.path" value="/usr/lib/jvm/java-8-oracle/jre/lib/resources.jar:/usr/lib/jvm/java-8-oracle/jre/lib/rt.jar:/usr/lib/jvm/java-8-oracle/jre/lib/sunrsasign.jar:/usr/lib/jvm/java-8-oracle/jre/lib/jsse.jar:/usr/lib/jvm/java-8-oracle/jre/lib/jce.jar:/usr/lib/jvm/java-8-oracle/jre/lib/charsets.jar:/usr/lib/jvm/java-8-oracle/jre/lib/jfr.jar:/usr/lib/jvm/java-8-oracle/jre/classes"/>
    <property name="sun.management.compiler" value="HotSpot 64-Bit Tiered Compilers"/>
    <property name="java.runtime.version" value="1.8.0_201-b09"/>
    <property name="user.name" value="silwals"/>
    <property name="path.separator" value=":"/>
    <property name="os.version" value="4.15.0-47-generic"/>
    <property name="java.endorsed.dirs" value="/usr/lib/jvm/java-8-oracle/jre/lib/endorsed"/>
    <property name="java.runtime.name" value="Java(TM) SE Runtime Environment"/>
    <property name="file.encoding" value="UTF-8"/>
    <property name="java.vm.name" value="Java HotSpot(TM) 64-Bit Server VM"/>
    <property name="localRepository" value="/home/silwals/.m2/repository"/>
    <property name="java.vendor.url.bug" value="http://bugreport.sun.com/bugreport/"/>
    <property name="java.io.tmpdir" value="/tmp"/>
    <property name="java.version" value="1.8.0_201"/>
    <property name="user.dir" value="/home/silwals/Documents/code/RideSharingClient"/>
    <property name="os.arch" value="amd64"/>
    <property name="java.vm.specification.name" value="Java Virtual Machine Specification"/>
    <property name="java.awt.printerjob" value="sun.print.PSPrinterJob"/>
    <property name="sun.os.patch.level" value="unknown"/>
    <property name="java.library.path" value="/usr/java/packages/lib/amd64:/usr/lib64:/lib64:/lib:/usr/lib"/>
    <property name="java.vm.info" value="mixed mode"/>
    <property name="java.vendor" value="Oracle Corporation"/>
    <property name="java.vm.version" value="25.201-b09"/>
    <property name="java.ext.dirs" value="/usr/lib/jvm/java-8-oracle/jre/lib/ext:/usr/java/packages/lib/ext"/>
    <property name="sun.io.unicode.encoding" value="UnicodeLittle"/>
    <property name="java.class.version" value="52.0"/>
  </properties>
  <testcase name="initializationError" classname="com.miamioh.RideSharingClient.RideSharingClientApplicationTests" time="0.004">
    <error message="Unable to find a @SpringBootConfiguration, you need to use @ContextConfiguration or @SpringBootTest(classes=...) with your test" type="java.lang.IllegalStateException">java.lang.IllegalStateException: Unable to find a @SpringBootConfiguration, you need to use @ContextConfiguration or @SpringBootTest(classes=...) with your test
</error>
    <system-out><![CDATA[15:37:30.023 [main] DEBUG org.springframework.test.context.junit4.SpringJUnit4ClassRunner - SpringJUnit4ClassRunner constructor called with [class com.miamioh.RideSharingClient.RideSharingClientApplicationTests]
15:37:30.028 [main] DEBUG org.springframework.test.context.BootstrapUtils - Instantiating CacheAwareContextLoaderDelegate from class [org.springframework.test.context.cache.DefaultCacheAwareContextLoaderDelegate]
15:37:30.034 [main] DEBUG org.springframework.test.context.BootstrapUtils - Instantiating BootstrapContext using constructor [public org.springframework.test.context.support.DefaultBootstrapContext(java.lang.Class,org.springframework.test.context.CacheAwareContextLoaderDelegate)]
15:37:30.048 [main] DEBUG org.springframework.test.context.BootstrapUtils - Instantiating TestContextBootstrapper for test class [com.miamioh.RideSharingClient.RideSharingClientApplicationTests] from class [org.springframework.boot.test.context.SpringBootTestContextBootstrapper]
15:37:30.058 [main] INFO org.springframework.boot.test.context.SpringBootTestContextBootstrapper - Neither @ContextConfiguration nor @ContextHierarchy found for test class [com.miamioh.RideSharingClient.RideSharingClientApplicationTests], using SpringBootContextLoader
15:37:30.060 [main] DEBUG org.springframework.test.context.support.AbstractContextLoader - Did not detect default resource location for test class [com.miamioh.RideSharingClient.RideSharingClientApplicationTests]: class path resource [com/miamioh/RideSharingClient/RideSharingClientApplicationTests-context.xml] does not exist
15:37:30.061 [main] DEBUG org.springframework.test.context.support.AbstractContextLoader - Did not detect default resource location for test class [com.miamioh.RideSharingClient.RideSharingClientApplicationTests]: class path resource [com/miamioh/RideSharingClient/RideSharingClientApplicationTestsContext.groovy] does not exist
15:37:30.061 [main] INFO org.springframework.test.context.support.AbstractContextLoader - Could not detect default resource locations for test class [com.miamioh.RideSharingClient.RideSharingClientApplicationTests]: no resource found for suffixes {-context.xml, Context.groovy}.
15:37:30.062 [main] INFO org.springframework.test.context.support.AnnotationConfigContextLoaderUtils - Could not detect default configuration classes for test class [com.miamioh.RideSharingClient.RideSharingClientApplicationTests]: RideSharingClientApplicationTests does not declare any static, non-private, non-final, nested classes annotated with @Configuration.
15:37:30.092 [main] DEBUG org.springframework.test.context.support.ActiveProfilesUtils - Could not find an 'annotation declaring class' for annotation type [org.springframework.test.context.ActiveProfiles] and class [com.miamioh.RideSharingClient.RideSharingClientApplicationTests]
]]></system-out>
  </testcase>
</testsuite>